env: load .env
env: export EXPO_PUBLIC_CLOUDINARY_CLOUD_NAME EXPO_PUBLIC_CLOUDINARY_UPLOAD_PRESET EXPO_PUBLIC_GROQ_API_KEY
Starting Metro Bundler
Android Bundling failed 2571ms node_modules/expo-router/entry.js (1 module)
SyntaxError: node_modules/expo-router/entry.js: [BABEL] /home/mirzazain/Documents/FYP-App/Asaan-Taqreeb-App/mobile-app/node_modules/expo-router/entry.js: Cannot find module 'react-native-worklets/plugin'
Require stack:
- /home/mirzazain/Documents/FYP-App/Asaan-Taqreeb-App/mobile-app/node_modules/@babel/core/lib/config/files/plugins.js
- /home/mirzazain/Documents/FYP-App/Asaan-Taqreeb-App/mobile-app/node_modules/@babel/core/lib/config/files/index.js
- /home/mirzazain/Documents/FYP-App/Asaan-Taqreeb-App/mobile-app/node_modules/@babel/core/lib/index.js
- /home/mirzazain/Documents/FYP-App/Asaan-Taqreeb-App/mobile-app/node_modules/metro-transform-worker/src/index.js
- /home/mirzazain/Documents/FYP-App/Asaan-Taqreeb-App/mobile-app/node_modules/react-native-css-interop/dist/metro/transformer.js
- /home/mirzazain/Documents/FYP-App/Asaan-Taqreeb-App/mobile-app/node_modules/metro/src/DeltaBundler/Worker.flow.js
- /home/mirzazain/Documents/FYP-App/Asaan-Taqreeb-App/mobile-app/node_modules/metro/src/DeltaBundler/Worker.js
- /home/mirzazain/Documents/FYP-App/Asaan-Taqreeb-App/mobile-app/node_modules/jest-worker/build/workers/processChild.js

Make sure that all the Babel plugins and presets you are using
are defined as dependencies or devDependencies in your package.json
file. It's possible that the missing plugin is loaded by a preset
you are using that forgot to add the plugin to its dependencies: you
can workaround this problem by explicitly adding the missing package
to your top-level package.json.

Error: [BABEL] /home/mirzazain/Documents/FYP-App/Asaan-Taqreeb-App/mobile-app/node_modules/expo-router/entry.js: Cannot find module 'react-native-worklets/plugin'
Require stack:
- /home/mirzazain/Documents/FYP-App/Asaan-Taqreeb-App/mobile-app/node_modules/@babel/core/lib/config/files/plugins.js
- /home/mirzazain/Documents/FYP-App/Asaan-Taqreeb-App/mobile-app/node_modules/@babel/core/lib/config/files/index.js
- /home/mirzazain/Documents/FYP-App/Asaan-Taqreeb-App/mobile-app/node_modules/@babel/core/lib/index.js
- /home/mirzazain/Documents/FYP-App/Asaan-Taqreeb-App/mobile-app/node_modules/metro-transform-worker/src/index.js
- /home/mirzazain/Documents/FYP-App/Asaan-Taqreeb-App/mobile-app/node_modules/react-native-css-interop/dist/metro/transformer.js
- /home/mirzazain/Documents/FYP-App/Asaan-Taqreeb-App/mobile-app/node_modules/metro/src/DeltaBundler/Worker.flow.js
- /home/mirzazain/Documents/FYP-App/Asaan-Taqreeb-App/mobile-app/node_modules/metro/src/DeltaBundler/Worker.js
- /home/mirzazain/Documents/FYP-App/Asaan-Taqreeb-App/mobile-app/node_modules/jest-worker/build/workers/processChild.js

Make sure that all the Babel plugins and presets you are using
are defined as dependencies or devDependencies in your package.json
file. It's possible that the missing plugin is loaded by a preset
you are using that forgot to add the plugin to its dependencies: you
can workaround this problem by explicitly adding the missing package
to your top-level package.json.

    at Module._resolveFilename (node:internal/modules/cjs/loader:1475:15)
    at wrapResolveFilename (node:internal/modules/cjs/loader:1048:27)
    at resolveForCJSWithHooks (node:internal/modules/cjs/loader:1093:12)
    at resolve (node:internal/modules/helpers:209:31)
    at tryRequireResolve (/home/mirzazain/Documents/FYP-App/Asaan-Taqreeb-App/mobile-app/node_modules/@babel/core/lib/config/files/plugins.js:128:11)
    at resolveStandardizedNameForRequire (/home/mirzazain/Documents/FYP-App/Asaan-Taqreeb-App/mobile-app/node_modules/@babel/core/lib/config/files/plugins.js:162:19)
    at resolveStandardizedName (/home/mirzazain/Documents/FYP-App/Asaan-Taqreeb-App/mobile-app/node_modules/@babel/core/lib/config/files/plugins.js:183:12)
    at loadPlugin (/home/mirzazain/Documents/FYP-App/Asaan-Taqreeb-App/mobile-app/node_modules/@babel/core/lib/config/files/plugins.js:56:7)
    at loadPlugin.next (<anonymous>)
    at createDescriptor (/home/mirzazain/Documents/FYP-App/Asaan-Taqreeb-App/mobile-app/node_modules/@babel/core/lib/config/config-descriptors.js:140:16)
    at createDescriptor.next (<anonymous>)
    at evaluateSync (/home/mirzazain/Documents/FYP-App/Asaan-Taqreeb-App/mobile-app/node_modules/gensync/index.js:251:28)
    at /home/mirzazain/Documents/FYP-App/Asaan-Taqreeb-App/mobile-app/node_modules/gensync/index.js:31:34
    at Array.map (<anonymous>)
    at gensync.sync (/home/mirzazain/Documents/FYP-App/Asaan-Taqreeb-App/mobile-app/node_modules/gensync/index.js:31:22)
    at gensync.all (/home/mirzazain/Documents/FYP-App/Asaan-Taqreeb-App/mobile-app/node_modules/gensync/index.js:210:24)
    at Generator.next (<anonymous>)
    at createDescriptors (/home/mirzazain/Documents/FYP-App/Asaan-Taqreeb-App/mobile-app/node_modules/@babel/core/lib/config/config-descriptors.js:102:41)
    at createDescriptors.next (<anonymous>)
    at createPluginDescriptors (/home/mirzazain/Documents/FYP-App/Asaan-Taqreeb-App/mobile-app/node_modules/@babel/core/lib/config/config-descriptors.js:99:17)
    at createPluginDescriptors.next (<anonymous>)
    at /home/mirzazain/Documents/FYP-App/Asaan-Taqreeb-App/mobile-app/node_modules/@babel/core/lib/gensync-utils/functional.js:22:27
    at Generator.next (<anonymous>)
    at mergeChainOpts (/home/mirzazain/Documents/FYP-App/Asaan-Taqreeb-App/mobile-app/node_modules/@babel/core/lib/config/config-chain.js:349:34)
    at mergeChainOpts.next (<anonymous>)
    at chainWalker (/home/mirzazain/Documents/FYP-App/Asaan-Taqreeb-App/mobile-app/node_modules/@babel/core/lib/config/config-chain.js:316:14)
    at chainWalker.next (<anonymous>)
    at buildPresetChain (/home/mirzazain/Documents/FYP-App/Asaan-Taqreeb-App/mobile-app/node_modules/@babel/core/lib/config/config-chain.js:33:24)
    at buildPresetChain.next (<anonymous>)
    at loadPresetDescriptor (/home/mirzazain/Documents/FYP-App/Asaan-Taqreeb-App/mobile-app/node_modules/@babel/core/lib/config/full.js:295:53)
    at loadPresetDescriptor.next (<anonymous>)
    at recursePresetDescriptors (/home/mirzazain/Documents/FYP-App/Asaan-Taqreeb-App/mobile-app/node_modules/@babel/core/lib/config/full.js:77:31)
    at recursePresetDescriptors.next (<anonymous>)
    at /home/mirzazain/Documents/FYP-App/Asaan-Taqreeb-App/mobile-app/node_modules/@babel/core/lib/config/full.js:156:21
    at Generator.next (<anonymous>)
    at loadFullConfig (/home/mirzazain/Documents/FYP-App/Asaan-Taqreeb-App/mobile-app/node_modules/@babel/core/lib/config/full.js:113:5)
    at loadFullConfig.next (<anonymous>)
    at transform (/home/mirzazain/Documents/FYP-App/Asaan-Taqreeb-App/mobile-app/node_modules/@babel/core/lib/transform.js:20:44)
    at transform.next (<anonymous>)
    at evaluateSync (/home/mirzazain/Documents/FYP-App/Asaan-Taqreeb-App/mobile-app/node_modules/gensync/index.js:251:28)
    at sync (/home/mirzazain/Documents/FYP-App/Asaan-Taqreeb-App/mobile-app/node_modules/gensync/index.js:89:14)
    at stopHiding - secret - don't use this - v1 (/home/mirzazain/Documents/FYP-App/Asaan-Taqreeb-App/mobile-app/node_modules/@babel/core/lib/errors/rewrite-stack-trace.js:47:12)
    at Object.transformSync (/home/mirzazain/Documents/FYP-App/Asaan-Taqreeb-App/mobile-app/node_modules/@babel/core/lib/transform.js:40:76)
    at parseWithBabel (/home/mirzazain/Documents/FYP-App/Asaan-Taqreeb-App/mobile-app/node_modules/@expo/metro-config/build/transformSync.js:65:18)
    at transformSync (/home/mirzazain/Documents/FYP-App/Asaan-Taqreeb-App/mobile-app/node_modules/@expo/metro-config/build/transformSync.js:54:12)
    at Object.transform (/home/mirzazain/Documents/FYP-App/Asaan-Taqreeb-App/mobile-app/node_modules/@expo/metro-config/build/babel-transformer.js:115:58)
    at transformJSWithBabel (/home/mirzazain/Documents/FYP-App/Asaan-Taqreeb-App/mobile-app/node_modules/@expo/metro-config/build/transform-worker/metro-transform-worker.js:440:47)
    at Object.transform (/home/mirzazain/Documents/FYP-App/Asaan-Taqreeb-App/mobile-app/node_modules/@expo/metro-config/build/transform-worker/metro-transform-worker.js:549:12)
    at transform (/home/mirzazain/Documents/FYP-App/Asaan-Taqreeb-App/mobile-app/node_modules/@expo/metro-config/build/transform-worker/transform-worker.js:117:23)
